<?xml version="1.0" encoding="UTF-8"?>
<coverage generated="1478968269">
  <project timestamp="1478968269">
    <package name="WeThinkRight\GoogleCloudSilex">
      <file name="/Users/jdp/Projects/gcp/frameworks/silex/src/GoogleCloudProvider.php">
        <class name="GoogleCloudProvider" namespace="WeThinkRight\GoogleCloudSilex">
          <metrics complexity="4" methods="3" coveredmethods="2" conditionals="0" coveredconditionals="0" statements="14" coveredstatements="13" elements="17" coveredelements="15"/>
        </class>
        <line num="29" type="method" name="register" visibility="public" complexity="2" crap="2" count="4"/>
        <line num="32" type="stmt" count="4"/>
        <line num="33" type="stmt" count="3"/>
        <line num="34" type="stmt" count="4"/>
        <line num="36" type="stmt" count="4"/>
        <line num="40" type="stmt" count="1"/>
        <line num="44" type="stmt" count="1"/>
        <line num="48" type="stmt" count="1"/>
        <line num="52" type="stmt" count="1"/>
        <line num="56" type="stmt" count="1"/>
        <line num="60" type="stmt" count="1"/>
        <line num="64" type="stmt" count="1"/>
        <line num="68" type="stmt" count="1"/>
        <line num="71" type="method" name="anonymous function" complexity="1" crap="1" count="1"/>
        <line num="72" type="stmt" count="1"/>
        <line num="74" type="stmt" count="4"/>
        <line num="76" type="method" name="instantiate" visibility="protected" complexity="1" crap="2" count="0"/>
        <line num="78" type="stmt" count="0"/>
        <metrics loc="80" ncloc="62" classes="1" methods="3" coveredmethods="2" conditionals="0" coveredconditionals="0" statements="15" coveredstatements="14" elements="18" coveredelements="16"/>
      </file>
    </package>
    <metrics files="1" loc="80" ncloc="62" classes="1" methods="3" coveredmethods="2" conditionals="0" coveredconditionals="0" statements="15" coveredstatements="14" elements="18" coveredelements="16"/>
  </project>
</coverage>
